<?xml version="1.0" encoding="UTF-8"?>
<!-- Generated by org.testng.reporters.JUnitXMLReporter -->
<testsuite ignored="3" hostname="LAPTOP-GA4HMSSR" failures="0" tests="2" name="Test" time="0.073" errors="0" timestamp="2022-11-21T09:45:08 IST">
  <testcase classname="com.qa.groups.TestClass" name="Test02" time="0.009"/>
  <testcase classname="com.qa.groups.TestClass" name="Test04" time="0.001"/>
  <testcase classname="com.qa.groups.TestClass" name="Test05" time="0.0">
    <ignored/>
  </testcase> <!-- Test05 -->
  <testcase classname="com.qa.groups.TestClass" name="Test03" time="0.0">
    <ignored/>
  </testcase> <!-- Test03 -->
  <testcase classname="com.qa.groups.TestClass" name="Test01" time="0.0">
    <ignored/>
  </testcase> <!-- Test01 -->
</testsuite> <!-- Test -->
